{"C:\\Users\\Edwar\\OneDrive\\Desktop\\W Related\\SortingAlgorithms\\JavaScript\\src\\InsertionSort.js": {"path":"C:\\Users\\Edwar\\OneDrive\\Desktop\\W Related\\SortingAlgorithms\\JavaScript\\src\\InsertionSort.js","statementMap":{"0":{"start":{"line":14,"column":4},"end":{"line":24,"column":5}},"1":{"start":{"line":14,"column":16},"end":{"line":14,"column":17}},"2":{"start":{"line":15,"column":18},"end":{"line":15,"column":24}},"3":{"start":{"line":18,"column":16},"end":{"line":18,"column":21}},"4":{"start":{"line":19,"column":8},"end":{"line":22,"column":9}},"5":{"start":{"line":20,"column":12},"end":{"line":20,"column":32}},"6":{"start":{"line":21,"column":12},"end":{"line":21,"column":22}},"7":{"start":{"line":23,"column":8},"end":{"line":23,"column":25}},"8":{"start":{"line":31,"column":12},"end":{"line":31,"column":13}},"9":{"start":{"line":32,"column":4},"end":{"line":43,"column":5}},"10":{"start":{"line":34,"column":16},"end":{"line":34,"column":17}},"11":{"start":{"line":35,"column":8},"end":{"line":41,"column":9}},"12":{"start":{"line":37,"column":23},"end":{"line":37,"column":29}},"13":{"start":{"line":38,"column":12},"end":{"line":38,"column":30}},"14":{"start":{"line":39,"column":12},"end":{"line":39,"column":28}},"15":{"start":{"line":40,"column":12},"end":{"line":40,"column":22}},"16":{"start":{"line":42,"column":8},"end":{"line":42,"column":18}}},"fnMap":{"0":{"name":"insertionSortV1","decl":{"start":{"line":13,"column":16},"end":{"line":13,"column":31}},"loc":{"start":{"line":13,"column":36},"end":{"line":25,"column":1}},"line":13},"1":{"name":"insertionSortV2","decl":{"start":{"line":30,"column":16},"end":{"line":30,"column":31}},"loc":{"start":{"line":30,"column":36},"end":{"line":44,"column":1}},"line":30}},"branchMap":{"0":{"loc":{"start":{"line":19,"column":15},"end":{"line":19,"column":37}},"type":"binary-expr","locations":[{"start":{"line":19,"column":15},"end":{"line":19,"column":21}},{"start":{"line":19,"column":25},"end":{"line":19,"column":37}}],"line":19},"1":{"loc":{"start":{"line":35,"column":14},"end":{"line":35,"column":42}},"type":"binary-expr","locations":[{"start":{"line":35,"column":14},"end":{"line":35,"column":19}},{"start":{"line":35,"column":24},"end":{"line":35,"column":41}}],"line":35}},"s":{"0":6,"1":6,"2":12,"3":12,"4":12,"5":15,"6":15,"7":12,"8":6,"9":6,"10":12,"11":12,"12":15,"13":15,"14":15,"15":15,"16":12},"f":{"0":6,"1":6},"b":{"0":[27,23],"1":[27,23]},"_coverageSchema":"1a1c01bbd47fc00a2c39e90264f33305004495a9","hash":"8dacfcdfccc0b774a071c9f78a4344f2a9f8a158"}
,"C:\\Users\\Edwar\\OneDrive\\Desktop\\W Related\\SortingAlgorithms\\JavaScript\\src\\MergeSort.js": {"path":"C:\\Users\\Edwar\\OneDrive\\Desktop\\W Related\\SortingAlgorithms\\JavaScript\\src\\MergeSort.js","statementMap":{"0":{"start":{"line":15,"column":4},"end":{"line":24,"column":5}},"1":{"start":{"line":16,"column":26},"end":{"line":16,"column":64}},"2":{"start":{"line":19,"column":8},"end":{"line":19,"column":48}},"3":{"start":{"line":20,"column":8},"end":{"line":20,"column":51}},"4":{"start":{"line":23,"column":8},"end":{"line":23,"column":55}},"5":{"start":{"line":29,"column":13},"end":{"line":29,"column":41}},"6":{"start":{"line":30,"column":13},"end":{"line":30,"column":36}},"7":{"start":{"line":33,"column":18},"end":{"line":33,"column":31}},"8":{"start":{"line":34,"column":18},"end":{"line":34,"column":31}},"9":{"start":{"line":37,"column":4},"end":{"line":39,"column":5}},"10":{"start":{"line":37,"column":16},"end":{"line":37,"column":17}},"11":{"start":{"line":38,"column":8},"end":{"line":38,"column":41}},"12":{"start":{"line":41,"column":4},"end":{"line":43,"column":5}},"13":{"start":{"line":41,"column":16},"end":{"line":41,"column":17}},"14":{"start":{"line":42,"column":8},"end":{"line":42,"column":47}},"15":{"start":{"line":46,"column":4},"end":{"line":46,"column":35}},"16":{"start":{"line":47,"column":4},"end":{"line":47,"column":36}},"17":{"start":{"line":49,"column":12},"end":{"line":49,"column":13}},"18":{"start":{"line":50,"column":12},"end":{"line":50,"column":13}},"19":{"start":{"line":53,"column":4},"end":{"line":61,"column":5}},"20":{"start":{"line":53,"column":16},"end":{"line":53,"column":26}},"21":{"start":{"line":54,"column":8},"end":{"line":60,"column":9}},"22":{"start":{"line":55,"column":12},"end":{"line":55,"column":32}},"23":{"start":{"line":56,"column":12},"end":{"line":56,"column":16}},"24":{"start":{"line":58,"column":12},"end":{"line":58,"column":33}},"25":{"start":{"line":59,"column":12},"end":{"line":59,"column":16}}},"fnMap":{"0":{"name":"mergeSort","decl":{"start":{"line":13,"column":16},"end":{"line":13,"column":25}},"loc":{"start":{"line":13,"column":53},"end":{"line":25,"column":1}},"line":13},"1":{"name":"merge","decl":{"start":{"line":27,"column":16},"end":{"line":27,"column":21}},"loc":{"start":{"line":27,"column":62},"end":{"line":63,"column":1}},"line":27}},"branchMap":{"0":{"loc":{"start":{"line":15,"column":4},"end":{"line":24,"column":5}},"type":"if","locations":[{"start":{"line":15,"column":4},"end":{"line":24,"column":5}},{"start":{"line":15,"column":4},"end":{"line":24,"column":5}}],"line":15},"1":{"loc":{"start":{"line":54,"column":8},"end":{"line":60,"column":9}},"type":"if","locations":[{"start":{"line":54,"column":8},"end":{"line":60,"column":9}},{"start":{"line":54,"column":8},"end":{"line":60,"column":9}}],"line":54}},"s":{"0":68,"1":29,"2":29,"3":29,"4":29,"5":36,"6":36,"7":36,"8":36,"9":36,"10":36,"11":64,"12":36,"13":36,"14":53,"15":36,"16":36,"17":36,"18":36,"19":36,"20":36,"21":117,"22":64,"23":64,"24":53,"25":53},"f":{"0":68,"1":36},"b":{"0":[29,39],"1":[64,53]},"_coverageSchema":"1a1c01bbd47fc00a2c39e90264f33305004495a9","hash":"d6bd7c5962be9cd3fcb4947400254017b02e53ad"}
,"C:\\Users\\Edwar\\OneDrive\\Desktop\\W Related\\SortingAlgorithms\\JavaScript\\src\\QuickSort.js": {"path":"C:\\Users\\Edwar\\OneDrive\\Desktop\\W Related\\SortingAlgorithms\\JavaScript\\src\\QuickSort.js","statementMap":{"0":{"start":{"line":15,"column":4},"end":{"line":23,"column":5}},"1":{"start":{"line":18,"column":29},"end":{"line":18,"column":66}},"2":{"start":{"line":21,"column":8},"end":{"line":21,"column":55}},"3":{"start":{"line":22,"column":8},"end":{"line":22,"column":54}},"4":{"start":{"line":31,"column":23},"end":{"line":31,"column":37}},"5":{"start":{"line":32,"column":12},"end":{"line":32,"column":26}},"6":{"start":{"line":35,"column":4},"end":{"line":42,"column":5}},"7":{"start":{"line":35,"column":16},"end":{"line":35,"column":26}},"8":{"start":{"line":37,"column":8},"end":{"line":41,"column":9}},"9":{"start":{"line":39,"column":12},"end":{"line":39,"column":16}},"10":{"start":{"line":40,"column":12},"end":{"line":40,"column":28}},"11":{"start":{"line":44,"column":4},"end":{"line":44,"column":30}},"12":{"start":{"line":45,"column":4},"end":{"line":45,"column":17}},"13":{"start":{"line":50,"column":18},"end":{"line":50,"column":24}},"14":{"start":{"line":51,"column":4},"end":{"line":51,"column":20}},"15":{"start":{"line":52,"column":4},"end":{"line":52,"column":21}},"16":{"start":{"line":61,"column":4},"end":{"line":66,"column":5}},"17":{"start":{"line":62,"column":29},"end":{"line":62,"column":72}},"18":{"start":{"line":64,"column":8},"end":{"line":64,"column":70}},"19":{"start":{"line":65,"column":8},"end":{"line":65,"column":68}},"20":{"start":{"line":75,"column":12},"end":{"line":75,"column":47}},"21":{"start":{"line":76,"column":4},"end":{"line":76,"column":28}},"22":{"start":{"line":78,"column":4},"end":{"line":78,"column":49}},"23":{"start":{"line":83,"column":4},"end":{"line":83,"column":25}},"24":{"start":{"line":84,"column":4},"end":{"line":84,"column":26}},"25":{"start":{"line":85,"column":4},"end":{"line":85,"column":59}}},"fnMap":{"0":{"name":"quickSort","decl":{"start":{"line":13,"column":16},"end":{"line":13,"column":25}},"loc":{"start":{"line":13,"column":53},"end":{"line":24,"column":1}},"line":13},"1":{"name":"partition","decl":{"start":{"line":30,"column":16},"end":{"line":30,"column":25}},"loc":{"start":{"line":30,"column":53},"end":{"line":46,"column":1}},"line":30},"2":{"name":"swap","decl":{"start":{"line":49,"column":16},"end":{"line":49,"column":20}},"loc":{"start":{"line":49,"column":31},"end":{"line":53,"column":1}},"line":49},"3":{"name":"randomPartitionQuickSort","decl":{"start":{"line":60,"column":16},"end":{"line":60,"column":40}},"loc":{"start":{"line":60,"column":68},"end":{"line":67,"column":1}},"line":60},"4":{"name":"randomPartition","decl":{"start":{"line":74,"column":16},"end":{"line":74,"column":31}},"loc":{"start":{"line":74,"column":59},"end":{"line":79,"column":1}},"line":74},"5":{"name":"getRandomInt","decl":{"start":{"line":82,"column":9},"end":{"line":82,"column":21}},"loc":{"start":{"line":82,"column":31},"end":{"line":86,"column":1}},"line":82}},"branchMap":{"0":{"loc":{"start":{"line":15,"column":4},"end":{"line":23,"column":5}},"type":"if","locations":[{"start":{"line":15,"column":4},"end":{"line":23,"column":5}},{"start":{"line":15,"column":4},"end":{"line":23,"column":5}}],"line":15},"1":{"loc":{"start":{"line":37,"column":8},"end":{"line":41,"column":9}},"type":"if","locations":[{"start":{"line":37,"column":8},"end":{"line":41,"column":9}},{"start":{"line":37,"column":8},"end":{"line":41,"column":9}}],"line":37},"2":{"loc":{"start":{"line":61,"column":4},"end":{"line":66,"column":5}},"type":"if","locations":[{"start":{"line":61,"column":4},"end":{"line":66,"column":5}},{"start":{"line":61,"column":4},"end":{"line":66,"column":5}}],"line":61}},"s":{"0":65,"1":27,"2":27,"3":27,"4":55,"5":55,"6":55,"7":55,"8":149,"9":74,"10":74,"11":55,"12":55,"13":159,"14":159,"15":159,"16":63,"17":26,"18":26,"19":26,"20":26,"21":26,"22":26,"23":26,"24":26,"25":26},"f":{"0":65,"1":55,"2":159,"3":63,"4":26,"5":26},"b":{"0":[27,38],"1":[74,75],"2":[26,37]},"_coverageSchema":"1a1c01bbd47fc00a2c39e90264f33305004495a9","hash":"2c525fdd8b421c8dbd411940775c4819a5e4bb40"}
}
