TN:
SF:src\InsertionSort.js
FN:13,insertionSortV1
FN:30,insertionSortV2
FNF:2
FNH:2
FNDA:6,insertionSortV1
FNDA:6,insertionSortV2
DA:14,6
DA:15,12
DA:18,12
DA:19,12
DA:20,15
DA:21,15
DA:23,12
DA:31,6
DA:32,6
DA:34,12
DA:35,12
DA:37,15
DA:38,15
DA:39,15
DA:40,15
DA:42,12
LF:16
LH:16
BRDA:19,0,0,27
BRDA:19,0,1,23
BRDA:35,1,0,27
BRDA:35,1,1,23
BRF:4
BRH:4
end_of_record
TN:
SF:src\MergeSort.js
FN:13,mergeSort
FN:27,merge
FNF:2
FNH:2
FNDA:68,mergeSort
FNDA:36,merge
DA:15,68
DA:16,29
DA:19,29
DA:20,29
DA:23,29
DA:29,36
DA:30,36
DA:33,36
DA:34,36
DA:37,36
DA:38,64
DA:41,36
DA:42,53
DA:46,36
DA:47,36
DA:49,36
DA:50,36
DA:53,36
DA:54,117
DA:55,64
DA:56,64
DA:58,53
DA:59,53
LF:23
LH:23
BRDA:15,0,0,29
BRDA:15,0,1,39
BRDA:54,1,0,64
BRDA:54,1,1,53
BRF:4
BRH:4
end_of_record
TN:
SF:src\QuickSort.js
FN:13,quickSort
FN:30,partition
FN:49,swap
FN:60,randomPartitionQuickSort
FN:74,randomPartition
FN:82,getRandomInt
FNF:6
FNH:6
FNDA:65,quickSort
FNDA:55,partition
FNDA:159,swap
FNDA:63,randomPartitionQuickSort
FNDA:26,randomPartition
FNDA:26,getRandomInt
DA:15,65
DA:18,27
DA:21,27
DA:22,27
DA:31,55
DA:32,55
DA:35,55
DA:37,149
DA:39,74
DA:40,74
DA:44,55
DA:45,55
DA:50,159
DA:51,159
DA:52,159
DA:61,63
DA:62,26
DA:64,26
DA:65,26
DA:75,26
DA:76,26
DA:78,26
DA:83,26
DA:84,26
DA:85,26
LF:25
LH:25
BRDA:15,0,0,27
BRDA:15,0,1,38
BRDA:37,1,0,74
BRDA:37,1,1,75
BRDA:61,2,0,26
BRDA:61,2,1,37
BRF:6
BRH:6
end_of_record
